Build started 5/9/2014 6:49:50 PM.
     1>Project "C:\Users\Grant\Desktop\Games\tower_d\Tower_Defence\Tower_Defence\Tower_Defence.vcxproj" on node 2 (build target(s)).
     1>InitializeBuildStatus:
         Creating "Debug\Tower_Defence.unsuccessfulbuild" because "AlwaysCreate" was specified.
       ClCompile:
         c:\Program Files (x86)\Microsoft Visual Studio 10.0\VC\bin\CL.exe /c /I"../SFML-2.1/include" /ZI /nologo /W3 /WX- /Od /Oy- /D SFML_STATIC /D WIN32 /D _DEBUG /D _CONSOLE /D _UNICODE /D UNICODE /Gm /EHsc /RTC1 /MDd /GS /fp:precise /Zc:wchar_t /Zc:forScope /Fo"Debug\\" /Fd"Debug\vc100.pdb" /Gd /TP /analyze- /errorReport:prompt Engine.cpp TileMap.cpp main.cpp
     1>cl : Command line warning D9028: minimal rebuild failure, reverting to normal build
         Engine.cpp
         TileMap.cpp
     1>c:\users\grant\desktop\games\tower_d\tower_defence\tower_defence\tilemap.cpp(54): warning C4018: '<' : signed/unsigned mismatch
         main.cpp
         Generating Code...
       ManifestResourceCompile:
         All outputs are up-to-date.
       Link:
         c:\Program Files (x86)\Microsoft Visual Studio 10.0\VC\bin\link.exe /ERRORREPORT:PROMPT /OUT:"C:\Users\Grant\Desktop\Games\tower_d\Tower_Defence\Debug\Tower_Defence.exe" /INCREMENTAL /NOLOGO /LIBPATH:"../SFML-2.1/lib" "sfml-graphics-s-d.lib" "sfml-window-s-d.lib" "sfml-system-s-d.lib" kernel32.lib user32.lib gdi32.lib winspool.lib comdlg32.lib advapi32.lib shell32.lib ole32.lib oleaut32.lib uuid.lib odbc32.lib odbccp32.lib /MANIFEST /ManifestFile:"Debug\Tower_Defence.exe.intermediate.manifest" /MANIFESTUAC:"level='asInvoker' uiAccess='false'" /DEBUG /PDB:"C:\Users\Grant\Desktop\Games\tower_d\Tower_Defence\Debug\Tower_Defence.pdb" /SUBSYSTEM:CONSOLE /TLBID:1 /DYNAMICBASE /NXCOMPAT /IMPLIB:"C:\Users\Grant\Desktop\Games\tower_d\Tower_Defence\Debug\Tower_Defence.lib" /MACHINE:X86 Debug\Tower_Defence.exe.embed.manifest.res
         Debug\Engine.obj
         Debug\Globals.obj
         Debug\main.obj
         Debug\Tile.obj
         Debug\TileMap.obj
       Manifest:
         C:\Program Files (x86)\Microsoft SDKs\Windows\v7.0A\bin\mt.exe /nologo /verbose /out:"Debug\Tower_Defence.exe.embed.manifest" /manifest Debug\Tower_Defence.exe.intermediate.manifest
         All outputs are up-to-date.
       LinkEmbedManifest:
         All outputs are up-to-date.
         Tower_Defence.vcxproj -> C:\Users\Grant\Desktop\Games\tower_d\Tower_Defence\Debug\Tower_Defence.exe
       FinalizeBuildStatus:
         Deleting file "Debug\Tower_Defence.unsuccessfulbuild".
         Touching "Debug\Tower_Defence.lastbuildstate".
     1>Done Building Project "C:\Users\Grant\Desktop\Games\tower_d\Tower_Defence\Tower_Defence\Tower_Defence.vcxproj" (build target(s)).

Build succeeded.

Time Elapsed 00:00:02.63
